{"level":"info","message":"GET /documents/1","timestamp":"2024-05-20 11:04:36"}
{"level":"info","message":"POST /documents","timestamp":"2024-05-20 11:05:21"}
{"level":"info","message":"GET /documents","timestamp":"2024-05-20 11:05:39"}
{"level":"info","message":"GET /documents","timestamp":"2024-05-20 11:22:06"}
info: GET /documents {"timestamp":"2024-05-20 11:22:18"}
info: GET /documents {"timestamp":"2024-05-20 11:22:55"}
info: GET /documents {"timestamp":"2024-05-20 11:23:02"}
undefined
undefined
info: GET /documents {"timestamp":"2024-05-20 11:24:18"}
info: POST /documents {"timestamp":"2024-05-20 11:24:51"}
2024-05-20 11:30:00 info: GET /documents/1
2024-05-20 11:30:13 info: GET /documents
{
  message: 'GET /documents',
  level: 'info',
  timestamp: '2024-05-20 11:30:49'
}
2024-05-20 11:31:27 info: GET /documents
2024-05-20 11:40:40 [32minfo[39m: GET /documents
2024-05-20 11:43:06 [32minfo[39m: [32mGET /documents[39m
undefined [32MINFO[39M: [32mGET /documents[39m
undefined [32minfo[39m: [32mGET /documents[39m
2024-05-20 12:07:34 [32minfo[39m: [32mGET /documents[39m
2024-05-20 12:07:56 [32MINFO[39M: [32mGET /documents[39m
2024-05-20 12:08:53 [32minfo[39m: [32mGET /documents[39m
2024-05-20 12:09:27 [32minfo[39m: [32mGET /documents[39m
2024-05-20 12:09:59 [32MINFO[39M: [32mGET /documents[39m
2024-05-20 12:22:05 [32MINFO[39M: [32mGET /documents[39m
2024-05-20 12:23:44 [32MINFO[39M: [32mGET /documents[39m
2024-05-20 12:24:58 [32MINFO[39M: [32mGET /documents[39m
2024-05-20 12:26:50 [32mINFO[39m: [32mGET /documents[39m
2024-05-20 12:31:00 [32minfo[39m: [32mGET /documents[39m
2024-05-20 12:32:30 [32minfo[39m: [32mGET /documents/2[39m
2024-05-20 12:33:03 [32minfo[39m: [32mPOST /documents[39m
2024-05-20 12:35:27 [32minfo[39m: [32mGET /documents[39m
2024-05-20 12:35:52 [32minfo[39m: [32mGET /documents/6[39m
2024-05-20 12:38:04 [32minfo[39m: [32mGET /documents/6[39m
2024-05-20 12:39:23 [32minfo[39m: [32mGET /documents/6[39m
2024-05-20 12:40:07 [32minfo[39m: [32mGET /documents/6[39m
2024-05-20 12:40:26 [32minfo[39m: [32mGET /documents/6[39m
2024-05-20 12:44:49 [32minfo[39m: [32mGET /documents/6[39m
2024-05-20 12:45:54 [32minfo[39m: [32mGET /documents/6[39m
2024-05-20 12:46:34 [32minfo[39m: [32mGET /documents/6[39m
2024-05-20 12:48:58 [32minfo[39m: [32mGET /documents/6[39m
2024-05-20 12:49:40 [32minfo[39m: [32mGET /documents/6[39m
2024-05-20 12:50:39 [32minfo[39m: [32mGET /documents/6[39m
2024-05-20 12:51:22 [32minfo[39m: [32mGET /documents/6[39m
2024-05-20 13:16:33 [32minfo[39m: [32mGET /documents/6[39m
2024-05-20 13:17:55 [32minfo[39m: [32mGET /documents/6[39m
2024-05-20 13:20:48 [32minfo[39m: [32mGET /documents/6[39m
2024-05-20 13:23:35 [32minfo[39m: [32mGET /documents/6[39m
2024-05-20 13:26:59 [32minfo[39m: [32mGET /documents/6[39m
2024-05-20 13:28:58 [32minfo[39m: [32mGET /documents/6[39m
2024-05-20 13:33:27 [32minfo[39m: [32mGET /documents/6[39m
2024-05-20 13:37:21 [32minfo[39m: [32mGET /documents/6[39m
2024-05-20 13:44:06 [32minfo[39m: [32mGET /documents/6[39m
2024-05-20 13:48:09 [32minfo[39m: [32mGET /documents/6[39m
2024-05-20 13:48:33 [32minfo[39m: [32mGET /documents/6[39m
2024-05-20 13:49:42 [32minfo[39m: [32mGET /documents/6[39m
2024-05-20 15:37:01 [32minfo[39m: [32mPOST /documents[39m
2024-05-20 16:08:36 [32minfo[39m: [32mPOST /documents[39m
2024-05-20 16:08:52 [32minfo[39m: [32mGET /documents[39m
2024-05-20 16:09:25 [32minfo[39m: [32mGET /documents[39m
2024-05-20 16:22:45 [32minfo[39m: [32mGET /documents[39m
2024-05-20 16:22:55 [32minfo[39m: [32mGET /documents/3[39m
2024-05-20 16:23:02 [32minfo[39m: [32mGET /documents/6[39m
2024-05-20 16:23:52 [32minfo[39m: [32mPOST /documents[39m
2024-05-20 17:41:32 [32minfo[39m: [32mPOST /documents[39m
2024-05-20 17:41:47 [32minfo[39m: [32mPOST /documents[39m
2024-05-20 17:49:34 [32minfo[39m: [32mGET /documents[39m
2024-05-20 17:49:39 [32minfo[39m: [32mGET /documents/6[39m
2024-05-20 18:28:33 [32minfo[39m: [32mPOST /documents[39m
2024-05-20 18:28:42 [32minfo[39m: [32mPOST /documents[39m
2024-05-20 18:28:53 [32minfo[39m: [32mGET /documents[39m
2024-05-20 18:28:59 [32minfo[39m: [32mGET /documents/2[39m
2024-05-20 18:37:06 [32minfo[39m: [32mGET /documents/2[39m
2024-05-20 18:37:21 [32minfo[39m: [32mPOST /documents[39m
2024-05-20 18:37:35 [32minfo[39m: [32mGET /documents[39m
2024-05-22 10:29:15 [32minfo[39m: [32mGET /documents[39m
2024-05-22 10:30:24 [32minfo[39m: [32mGET /documents/2[39m
2024-05-22 10:30:37 [32minfo[39m: [32mGET /documents[39m
2024-05-22 10:31:15 [32minfo[39m: [32mPOST /documents[39m
2024-05-22 21:57:54 [32minfo[39m: [32mGET /documents[39m
